<?xml version="1.0" encoding="UTF-8"?>
<!-- Generated by org.testng.reporters.JUnitReportReporter -->
<testsuite skipped="0" hostname="DESKTOP-9715G1F" name="parallelexe.New8Test" tests="1" failures="0" timestamp="2022-04-28T12:39:10 IST" time="17.966" errors="0">
  <testcase name="fTest" time="17.966" classname="parallelexe.New8Test"/>
  <system-out/>
</testsuite> <!-- parallelexe.New8Test -->
