<?xml version="1.0" encoding="UTF-8"?>
<!-- Generated by org.testng.reporters.JUnitReportReporter -->
<testsuite skipped="5" hostname="DESKTOP-9715G1F" name="pac1.ActionsTest" tests="6" failures="0" timestamp="2021-11-01T11:48:02 IST" time="3.281" errors="0">
  <testcase name="f21Test" time="3.281" classname="pac1.ActionsTest"/>
  <system-out/>
  <testcase name="f1Test" classname="pac1.ActionsTest">
    <skipped/>
  </testcase> <!-- f1Test -->
  <system-out/>
  <testcase name="jTest" classname="pac1.ActionsTest">
    <skipped/>
  </testcase> <!-- jTest -->
  <system-out/>
  <testcase name="trialsendkeysTest" classname="pac1.ActionsTest">
    <skipped/>
  </testcase> <!-- trialsendkeysTest -->
  <system-out/>
  <testcase name="fTest" classname="pac1.ActionsTest">
    <skipped/>
  </testcase> <!-- fTest -->
  <system-out/>
  <testcase name="f2Test" classname="pac1.ActionsTest">
    <skipped/>
  </testcase> <!-- f2Test -->
  <system-out/>
</testsuite> <!-- pac1.ActionsTest -->
