<?xml version="1.0" encoding="UTF-8"?>
<!-- Generated by org.testng.reporters.JUnitReportReporter -->
<testsuite skipped="0" hostname="DESKTOP-9715G1F" name="WindowHandling.ParallelExecutionTest" tests="1" failures="0" timestamp="2021-11-03T13:12:57 IST" time="92.671" errors="0">
  <testcase name="fTest" time="92.671" classname="WindowHandling.ParallelExecutionTest"/>
  <system-out/>
</testsuite> <!-- WindowHandling.ParallelExecutionTest -->
