<?xml version="1.0" encoding="UTF-8"?>
<!-- Generated by org.testng.reporters.JUnitReportReporter -->
<testsuite skipped="0" hostname="DESKTOP-9715G1F" name="Stringdeepprac.SelectorshubTest" tests="1" failures="0" timestamp="2022-04-14T14:23:20 IST" time="20.311" errors="0">
  <testcase name="fTest" time="20.311" classname="Stringdeepprac.SelectorshubTest"/>
  <system-out/>
</testsuite> <!-- Stringdeepprac.SelectorshubTest -->
