<?xml version="1.0" encoding="UTF-8"?>
<!-- Generated by org.testng.reporters.JUnitReportReporter -->
<testsuite skipped="0" hostname="DESKTOP-9715G1F" name="jdbc.ConnectmysqlTest" tests="1" failures="0" timestamp="2022-03-13T22:52:36 IST" time="65.390" errors="0">
  <testcase name="fTest" time="65.390" classname="jdbc.ConnectmysqlTest"/>
  <system-out/>
</testsuite> <!-- jdbc.ConnectmysqlTest -->
