<?xml version="1.0" encoding="UTF-8"?>
<!-- Generated by org.testng.reporters.JUnitReportReporter -->
<testsuite skipped="0" hostname="DESKTOP-9715G1F" name="pac1.PracticeTestNgTest" tests="2" failures="0" timestamp="2021-10-31T10:15:05 IST" time="0.025" errors="0">
  <testcase name="f" time="0.019" classname="pac1.PracticeTestNgTest"/>
  <system-out/>
  <testcase name="f1" time="0.006" classname="pac1.PracticeTestNgTest"/>
  <system-out/>
</testsuite> <!-- pac1.PracticeTestNgTest -->
