<?xml version="1.0" encoding="UTF-8"?>
<!-- Generated by org.testng.reporters.JUnitReportReporter -->
<testsuite skipped="0" hostname="DESKTOP-9715G1F" name="parallelexe.NewTest" tests="1" failures="0" timestamp="2022-04-28T12:23:43 IST" time="30.691" errors="0">
  <testcase name="fTest" time="30.691" classname="parallelexe.NewTest"/>
  <system-out/>
</testsuite> <!-- parallelexe.NewTest -->
