<?xml version="1.0" encoding="UTF-8"?>
<!-- Generated by org.testng.reporters.JUnitReportReporter -->
<testsuite skipped="0" hostname="DESKTOP-9715G1F" name="parallelexe.Allbrowsers1" tests="2" failures="0" timestamp="2022-04-28T08:54:01 IST" time="32.329" errors="0">
  <testcase name="getbroser" time="16.114" classname="parallelexe.Allbrowsers1"/>
  <system-out/>
  <testcase name="f1Test" time="16.215" classname="parallelexe.Allbrowsers1"/>
  <system-out/>
</testsuite> <!-- parallelexe.Allbrowsers1 -->
