<?xml version="1.0" encoding="UTF-8"?>
<!-- Generated by org.testng.reporters.JUnitReportReporter -->
<testsuite skipped="0" hostname="DESKTOP-9715G1F" name="Grouping.New2Test" tests="1" failures="0" timestamp="2021-11-05T22:58:16 IST" time="17.813" errors="0">
  <testcase name="fTest" time="17.813" classname="Grouping.New2Test"/>
  <system-out/>
</testsuite> <!-- Grouping.New2Test -->
