<?xml version="1.0" encoding="UTF-8"?>
<!-- Generated by org.testng.reporters.JUnitReportReporter -->
<testsuite skipped="0" hostname="DESKTOP-9715G1F" name="com.qa.tests.LoginTest" tests="2" failures="0" timestamp="2020-08-07T17:19:44 IST" time="0.018" errors="0">
  <testcase name="logintest" time="0.002" classname="com.qa.tests.LoginTest"/>
  <system-out/>
  <testcase name="hometest" time="0.016" classname="com.qa.tests.LoginTest"/>
  <system-out/>
</testsuite> <!-- com.qa.tests.LoginTest -->
