<?xml version="1.0" encoding="UTF-8"?>
<!-- Generated by org.testng.reporters.JUnitReportReporter -->
<testsuite skipped="0" hostname="DESKTOP-9715G1F" name="Javapractice.NewTest" tests="1" failures="0" timestamp="2022-01-07T07:06:15 IST" time="0.012" errors="0">
  <testcase name="f" time="0.012" classname="Javapractice.NewTest"/>
  <system-out/>
</testsuite> <!-- Javapractice.NewTest -->
