<?xml version="1.0" encoding="UTF-8"?>
<!-- Generated by org.testng.reporters.JUnitReportReporter -->
<testsuite skipped="3" hostname="DESKTOP-9715G1F" name="Javapractice.Textboxes" tests="4" failures="0" timestamp="2022-02-14T07:38:29 IST" time="0.864" errors="0">
  <testcase name="f53Test" time="0.864" classname="Javapractice.Textboxes"/>
  <system-out/>
  <testcase name="f5Test" classname="Javapractice.Textboxes">
    <skipped/>
  </testcase> <!-- f5Test -->
  <system-out/>
  <testcase name="fTest" classname="Javapractice.Textboxes">
    <skipped/>
  </testcase> <!-- fTest -->
  <system-out/>
  <testcase name="f1Test" classname="Javapractice.Textboxes">
    <skipped/>
  </testcase> <!-- f1Test -->
  <system-out/>
</testsuite> <!-- Javapractice.Textboxes -->
