<?xml version="1.0" encoding="UTF-8"?>
<!-- Generated by org.testng.reporters.JUnitReportReporter -->
<testsuite skipped="1" hostname="DESKTOP-9715G1F" name="seleniumdeep.AssertpracticeTest" tests="2" failures="0" timestamp="2022-04-23T10:28:11 IST" time="4.759" errors="0">
  <testcase name="hTest" time="4.759" classname="seleniumdeep.AssertpracticeTest"/>
  <system-out/>
  <testcase name="h1Test" classname="seleniumdeep.AssertpracticeTest">
    <skipped/>
  </testcase> <!-- h1Test -->
  <system-out/>
</testsuite> <!-- seleniumdeep.AssertpracticeTest -->
