<?xml version="1.0" encoding="UTF-8"?>
<!-- Generated by org.testng.reporters.JUnitReportReporter -->
<testsuite skipped="0" hostname="DESKTOP-9715G1F" name="pac1.Practice1Test" tests="2" failures="0" timestamp="2021-10-31T10:22:24 IST" time="0.026" errors="0">
  <testcase name="f" time="0.016" classname="pac1.Practice1Test"/>
  <system-out/>
  <testcase name="f1" time="0.010" classname="pac1.Practice1Test"/>
  <system-out/>
</testsuite> <!-- pac1.Practice1Test -->
