<?xml version="1.0" encoding="UTF-8"?>
<!-- Generated by org.testng.reporters.JUnitReportReporter -->
<testsuite skipped="0" hostname="DESKTOP-9715G1F" name="seleniumdeep.Normalprac1Test" tests="1" failures="0" timestamp="2022-07-18T15:51:27 IST" time="67.578" errors="0">
  <testcase name="f1Test" time="67.578" classname="seleniumdeep.Normalprac1Test"/>
  <system-out/>
</testsuite> <!-- seleniumdeep.Normalprac1Test -->
