<?xml version="1.0" encoding="UTF-8"?>
<!-- Generated by org.testng.reporters.JUnitReportReporter -->
<testsuite skipped="0" hostname="DESKTOP-9715G1F" name="testngpac.New3Test" tests="1" failures="0" timestamp="2021-10-31T12:34:47 IST" time="0.000" errors="0">
  <testcase name="fTest" time="0.000" classname="testngpac.New3Test"/>
  <system-out/>
</testsuite> <!-- testngpac.New3Test -->
