<?xml version="1.0" encoding="UTF-8"?>
<!-- Generated by org.testng.reporters.JUnitReportReporter -->
<testsuite skipped="0" hostname="DESKTOP-9715G1F" name="seleniumdeep.LaunchTest" tests="1" failures="0" timestamp="2022-08-10T17:45:14 IST" time="20.357" errors="0">
  <testcase name="Launchbrowser1" time="20.357" classname="seleniumdeep.LaunchTest"/>
  <system-out/>
</testsuite> <!-- seleniumdeep.LaunchTest -->
