<?xml version="1.0" encoding="UTF-8"?>
<!-- Generated by org.testng.reporters.JUnitReportReporter -->
<testsuite skipped="0" hostname="DESKTOP-9715G1F" name="Javapractice.AnnotationsequenceTest" tests="2" failures="0" timestamp="2022-02-09T11:32:39 IST" time="0.018" errors="0">
  <testcase name="f" time="0.013" classname="Javapractice.AnnotationsequenceTest"/>
  <system-out/>
  <testcase name="f1" time="0.005" classname="Javapractice.AnnotationsequenceTest"/>
  <system-out/>
</testsuite> <!-- Javapractice.AnnotationsequenceTest -->
