<?xml version="1.0" encoding="UTF-8"?>
<!-- Generated by org.testng.reporters.JUnitReportReporter -->
<testsuite skipped="1" hostname="DESKTOP-9715G1F" name="pac1.NewtabTest" tests="2" failures="0" timestamp="2022-03-15T13:27:49 IST" time="26.893" errors="0">
  <testcase name="f1Test" time="26.893" classname="pac1.NewtabTest"/>
  <system-out/>
  <testcase name="fTest" classname="pac1.NewtabTest">
    <skipped/>
  </testcase> <!-- fTest -->
  <system-out/>
</testsuite> <!-- pac1.NewtabTest -->
