<?xml version="1.0" encoding="UTF-8"?>
<!-- Generated by org.testng.reporters.JUnitReportReporter -->
<testsuite skipped="0" hostname="DESKTOP-9715G1F" name="pac1.BrokenlinksTest" tests="1" failures="0" timestamp="2022-03-15T15:23:13 IST" time="104.419" errors="0">
  <testcase name="fTest" time="104.419" classname="pac1.BrokenlinksTest"/>
  <system-out/>
</testsuite> <!-- pac1.BrokenlinksTest -->
