<?xml version="1.0" encoding="UTF-8"?>
<!-- Generated by org.testng.reporters.JUnitReportReporter -->
<testsuite skipped="0" hostname="DESKTOP-9715G1F" name="parallelexe.NewrTest" tests="1" failures="0" timestamp="2022-04-28T12:42:21 IST" time="23.855" errors="0">
  <testcase name="fTest" time="23.855" classname="parallelexe.NewrTest"/>
  <system-out/>
</testsuite> <!-- parallelexe.NewrTest -->
