<?xml version="1.0" encoding="UTF-8"?>
<!-- Generated by org.testng.reporters.JUnitReportReporter -->
<testsuite skipped="0" hostname="DESKTOP-9715G1F" name="pac1.New33333Test" tests="1" failures="0" timestamp="2022-08-11T10:02:35 IST" time="9.242" errors="0">
  <testcase name="fTest" time="9.242" classname="pac1.New33333Test"/>
  <system-out/>
</testsuite> <!-- pac1.New33333Test -->
