<?xml version="1.0" encoding="UTF-8"?>
<!-- Generated by org.testng.reporters.JUnitReportReporter -->
<testsuite skipped="0" hostname="DESKTOP-9715G1F" name="pac1.AlertTest" tests="1" failures="0" timestamp="2021-11-03T10:56:19 IST" time="29.345" errors="0">
  <testcase name="fTest" time="29.345" classname="pac1.AlertTest"/>
  <system-out/>
</testsuite> <!-- pac1.AlertTest -->
