<?xml version="1.0" encoding="UTF-8"?>
<!-- Generated by org.testng.reporters.JUnitReportReporter -->
<testsuite skipped="0" hostname="DESKTOP-9715G1F" name="multipletestngxml.New1Test" tests="3" failures="0" timestamp="2021-11-03T15:50:32 IST" time="0.024" errors="0">
  <testcase name="f2Test" time="0.002" classname="multipletestngxml.New1Test"/>
  <system-out/>
  <testcase name="fTest" time="0.003" classname="multipletestngxml.New1Test"/>
  <system-out/>
  <testcase name="f1Test" time="0.019" classname="multipletestngxml.New1Test"/>
  <system-out/>
</testsuite> <!-- multipletestngxml.New1Test -->
