<?xml version="1.0" encoding="UTF-8"?>
<!-- Generated by org.testng.reporters.JUnitReportReporter -->
<testsuite skipped="0" hostname="DESKTOP-9715G1F" name="pac1.NoselecttagbootstrapddTest" tests="1" failures="0" timestamp="2021-10-31T22:21:51 IST" time="7.179" errors="0">
  <testcase name="fTest" time="7.179" classname="pac1.NoselecttagbootstrapddTest"/>
  <system-out/>
</testsuite> <!-- pac1.NoselecttagbootstrapddTest -->
