<?xml version="1.0" encoding="UTF-8"?>
<!-- Generated by org.testng.reporters.JUnitReportReporter -->
<testsuite skipped="0" hostname="DESKTOP-9715G1F" name="jdbc.DummyTest" tests="1" failures="0" timestamp="2022-04-06T13:53:53 IST" time="34.807" errors="0">
  <testcase name="getTest" time="34.807" classname="jdbc.DummyTest"/>
  <system-out/>
</testsuite> <!-- jdbc.DummyTest -->
