<?xml version="1.0" encoding="UTF-8"?>
<!-- Generated by org.testng.reporters.JUnitReportReporter -->
<testsuite skipped="0" hostname="DESKTOP-9715G1F" name="seleniumdeep.Scenario1Test" tests="1" failures="0" timestamp="2022-07-15T18:50:19 IST" time="47.637" errors="0">
  <testcase name="f1Test" time="47.637" classname="seleniumdeep.Scenario1Test"/>
  <system-out/>
</testsuite> <!-- seleniumdeep.Scenario1Test -->
