<?xml version="1.0" encoding="UTF-8"?>
<!-- Generated by org.testng.reporters.JUnitReportReporter -->
<testsuite skipped="1" hostname="DESKTOP-9715G1F" name="WindowHandling.Simple1Test" tests="2" failures="0" timestamp="2021-11-02T09:02:49 IST" time="25.877" errors="0">
  <testcase name="f1Test" time="25.877" classname="WindowHandling.Simple1Test"/>
  <system-out/>
  <testcase name="fTest" classname="WindowHandling.Simple1Test">
    <skipped/>
  </testcase> <!-- fTest -->
  <system-out/>
</testsuite> <!-- WindowHandling.Simple1Test -->
