<?xml version="1.0" encoding="UTF-8"?>
<!-- Generated by org.testng.reporters.JUnitReportReporter -->
<testsuite skipped="1" hostname="DESKTOP-9715G1F" name="Javapractice.WebdrivermanagerTest" tests="3" failures="0" timestamp="2022-02-09T13:05:11 IST" time="37.010" errors="0">
  <testcase name="f1Test" time="21.387" classname="Javapractice.WebdrivermanagerTest"/>
  <system-out/>
  <testcase name="f3Test" time="15.623" classname="Javapractice.WebdrivermanagerTest"/>
  <system-out/>
  <testcase name="f2Test" classname="Javapractice.WebdrivermanagerTest">
    <skipped/>
  </testcase> <!-- f2Test -->
  <system-out/>
</testsuite> <!-- Javapractice.WebdrivermanagerTest -->
