<?xml version="1.0" encoding="UTF-8"?>
<!-- Generated by org.testng.reporters.JUnitReportReporter -->
<testsuite skipped="0" hostname="DESKTOP-9715G1F" name="Grouping.New1Test" tests="4" failures="0" timestamp="2021-10-31T16:02:33 IST" time="0.032" errors="0">
  <testcase name="f1Test" time="0.016" classname="Grouping.New1Test"/>
  <system-out/>
  <testcase name="f3Test" time="0.000" classname="Grouping.New1Test"/>
  <system-out/>
  <testcase name="f2Test" time="0.016" classname="Grouping.New1Test"/>
  <system-out/>
  <testcase name="f4Test" time="0.000" classname="Grouping.New1Test"/>
  <system-out/>
</testsuite> <!-- Grouping.New1Test -->
