<?xml version="1.0" encoding="UTF-8"?>
<!-- Generated by org.testng.reporters.JUnitReportReporter -->
<testsuite skipped="3" hostname="DESKTOP-9715G1F" name="pac1.New1Test" tests="4" failures="0" timestamp="2021-10-29T22:12:13 IST" time="6.840" errors="0">
  <testcase name="g2Test" time="6.840" classname="pac1.New1Test"/>
  <system-out/>
  <testcase name="fTest" classname="pac1.New1Test">
    <skipped/>
  </testcase> <!-- fTest -->
  <system-out/>
  <testcase name="gTest" classname="pac1.New1Test">
    <skipped/>
  </testcase> <!-- gTest -->
  <system-out/>
  <testcase name="g1Test" classname="pac1.New1Test">
    <skipped/>
  </testcase> <!-- g1Test -->
  <system-out/>
</testsuite> <!-- pac1.New1Test -->
